[2024-05-25 18:18:05,628] 25 root - INFO - Data Ingestion started
[2024-05-25 18:18:07,499] 28 root - INFO - Reading the data frame
[2024-05-25 18:18:08,351] 35 root - INFO - Saved the raw data in artifact folder
[2024-05-25 18:18:08,386] 39 root - INFO - Train-test split completed
[2024-05-25 18:18:09,245] 44 root - INFO - Saved train and test data in artifact folder
[2024-05-25 18:18:09,248] 70 root - INFO - Attempting to read train data from artifacts\train.csv
[2024-05-25 18:18:09,329] 72 root - INFO - Train data shape: (96786, 11)
[2024-05-25 18:18:09,329] 74 root - INFO - Attempting to read test data from artifacts\test.csv
[2024-05-25 18:18:09,420] 76 root - INFO - Test data shape: (96787, 11)
[2024-05-25 18:18:09,420] 78 root - INFO - Read train and test data complete
[2024-05-25 18:18:09,434] 79 root - INFO - Train Dataframe Head:
       id  carat    cut color clarity  depth  table     x     y     z  price
0  167165   0.30  Ideal     G    VVS1   61.9   54.0  4.32  4.35  2.68    842
1  128546   1.13  Ideal     G     VS2   61.9   57.0  6.67  6.69  4.14   6604
2  164325   0.30  Ideal     F     VS2   62.5   53.3  4.32  4.29  2.69    601
3   59692   0.35  Ideal     G      IF   61.6   55.0  4.57  4.61  2.82   1056
4   86618   1.04  Ideal     J     VS2   61.9   57.0  6.45  6.49  4.01   4303
[2024-05-25 18:18:09,445] 80 root - INFO - Test Dataframe Head:
       id  carat      cut color clarity  depth  table     x     y     z  price
0    5130   0.54    Ideal     F     VS2   61.0   58.0  5.25  5.27  3.20   1621
1   71758   1.52  Premium     J     VS1   59.9   59.0  7.48  7.52  4.48   8110
2   88372   0.54    Ideal     G     VS2   60.7   56.0  5.27  5.30  3.20   1660
3  174422   0.90     Good     F     VS2   63.6   58.0  6.10  6.13  3.89   4166
4   25348   1.00  Premium     H     SI2   62.7   58.0  6.34  6.29  3.96   3541
[2024-05-25 18:18:09,445] 28 root - INFO - Data Transformation initiated
[2024-05-25 18:18:09,445] 39 root - INFO - Pipeline Initiated
[2024-05-25 18:18:09,675] 97 root - INFO - Applying preprocessing object on training and testing datasets.
[2024-05-25 18:18:09,682] 107 root - INFO - Preprocessing pickle file saved
[2024-05-25 18:18:09,685] 21 root - INFO - Initialized ModelTrainer
