[2024-05-25 18:18:52,453] 25 root - INFO - Data Ingestion started
[2024-05-25 18:18:54,503] 28 root - INFO - Reading the data frame
[2024-05-25 18:18:55,350] 35 root - INFO - Saved the raw data in artifact folder
[2024-05-25 18:18:55,387] 39 root - INFO - Train-test split completed
[2024-05-25 18:18:56,252] 44 root - INFO - Saved train and test data in artifact folder
[2024-05-25 18:18:56,256] 70 root - INFO - Attempting to read train data from artifacts\train.csv
[2024-05-25 18:18:56,350] 72 root - INFO - Train data shape: (96786, 11)
[2024-05-25 18:18:56,350] 74 root - INFO - Attempting to read test data from artifacts\test.csv
[2024-05-25 18:18:56,446] 76 root - INFO - Test data shape: (96787, 11)
[2024-05-25 18:18:56,446] 78 root - INFO - Read train and test data complete
[2024-05-25 18:18:56,459] 79 root - INFO - Train Dataframe Head:
       id  carat      cut color clarity  depth  table     x     y     z  price
0   10892   1.04    Ideal     F     SI1   62.6   57.0  6.42  6.49  4.04   5557
1  125224   2.02    Ideal     J     SI2   61.7   57.0  8.14  8.09  5.01  11988
2   47737   2.03  Premium     H     SI1   60.9   58.0  8.08  8.17  4.97  15930
3   66964   0.90  Premium     G     SI2   62.2   59.0  6.08  6.09  3.79   3269
4  120307   0.81    Ideal     H     SI2   62.0   57.0  5.99  5.94  3.69   2330
[2024-05-25 18:18:56,471] 80 root - INFO - Test Dataframe Head:
       id  carat        cut color clarity  depth  table     x     y     z  price
0   65527   0.96    Premium     H     SI1   61.8   56.0  6.42  6.38  3.95   4788
1   12342   0.56    Premium     H     SI1   61.9   55.0  5.27  5.30  3.27   1219
2   94483   0.33    Premium     I     SI1   60.9   58.0  4.45  4.51  2.73    572
3  181792   1.04  Very Good     G    VVS2   61.0   57.0  6.58  6.68  4.05  10428
4    2917   0.42      Ideal     F     VS2   61.6   56.0  4.79  4.76  2.95   1020
[2024-05-25 18:18:56,471] 28 root - INFO - Data Transformation initiated
[2024-05-25 18:18:56,471] 39 root - INFO - Pipeline Initiated
[2024-05-25 18:18:56,688] 97 root - INFO - Applying preprocessing object on training and testing datasets.
[2024-05-25 18:18:56,695] 107 root - INFO - Preprocessing pickle file saved
[2024-05-25 18:18:56,698] 21 root - INFO - Initialized ModelTrainer
