[2024-05-25 18:19:41,007] 25 root - INFO - Data Ingestion started
[2024-05-25 18:19:42,820] 28 root - INFO - Reading the data frame
[2024-05-25 18:19:43,699] 35 root - INFO - Saved the raw data in artifact folder
[2024-05-25 18:19:43,731] 39 root - INFO - Train-test split completed
[2024-05-25 18:19:44,585] 44 root - INFO - Saved train and test data in artifact folder
[2024-05-25 18:19:44,587] 70 root - INFO - Attempting to read train data from artifacts\train.csv
[2024-05-25 18:19:44,666] 72 root - INFO - Train data shape: (96786, 11)
[2024-05-25 18:19:44,666] 74 root - INFO - Attempting to read test data from artifacts\test.csv
[2024-05-25 18:19:44,772] 76 root - INFO - Test data shape: (96787, 11)
[2024-05-25 18:19:44,773] 78 root - INFO - Read train and test data complete
[2024-05-25 18:19:44,789] 79 root - INFO - Train Dataframe Head:
       id  carat        cut color clarity  depth  table     x     y     z  price
0  153357   1.00  Very Good     E     SI1   61.9   58.0  6.41  6.37  3.96   6174
1   12043   1.52    Premium     F     SI1   60.8   60.0  7.46  7.42  4.51  10847
2  162463   0.90  Very Good     G     SI2   61.7   58.0  6.15  6.24  3.82   3454
3  168433   2.00       Good     E     SI1   63.8   58.0  7.86  7.82  5.02  15398
4   79503   0.45      Ideal     I     SI1   61.8   56.0  4.96  4.90  3.04    957
[2024-05-25 18:19:44,801] 80 root - INFO - Test Dataframe Head:
       id  carat    cut color clarity  depth  table     x     y     z  price
0   25710   0.31  Ideal     F     VS1   62.5   57.0  4.36  4.31  2.71    907
1   22339   0.45  Ideal     D     VS1   62.9   57.0  4.82  4.86  3.05   1248
2  185074   0.54   Good     G     VS1   60.8   62.0  5.17  5.24  3.17   1637
3  179547   0.71  Ideal     E     SI1   61.4   56.0  5.75  5.78  3.54   2652
4  179223   0.30  Ideal     I     VS1   61.9   56.0  4.33  4.35  2.68    504
[2024-05-25 18:19:44,801] 28 root - INFO - Data Transformation initiated
[2024-05-25 18:19:44,801] 39 root - INFO - Pipeline Initiated
[2024-05-25 18:19:45,022] 97 root - INFO - Applying preprocessing object on training and testing datasets.
[2024-05-25 18:19:45,029] 107 root - INFO - Preprocessing pickle file saved
[2024-05-25 18:19:45,033] 21 root - INFO - Initialized ModelTrainer
[2024-05-25 18:19:45,033] 25 root - INFO - Splitting Dependent and Independent variables from train and test data
[2024-05-25 18:19:45,033] 33 root - INFO - Data split done
[2024-05-25 18:19:45,033] 41 root - INFO - Starting model evaluation
[2024-05-25 18:19:45,940] 43 root - INFO - Model Report: {'LinearRegression': 0.9367864437060024, 'Lasso': 0.9367958917179752, 'Ridge': 0.9367862870414695, 'ElasticNet': 0.855839118370175}
[2024-05-25 18:19:45,940] 53 root - INFO - Best Model Found: Model Name: Lasso, R2 Score: 0.9367958917179752
[2024-05-25 18:19:45,950] 59 root - INFO - Model saved successfully
[2024-05-25 18:19:45,950] 21 root - INFO - evaluation Started
