[2024-05-25 18:16:48,320] 25 root - INFO - Data Ingestion started
[2024-05-25 18:16:50,402] 28 root - INFO - Reading the data frame
[2024-05-25 18:16:51,247] 35 root - INFO - Saved the raw data in artifact folder
[2024-05-25 18:16:51,281] 39 root - INFO - Train-test split completed
[2024-05-25 18:16:52,163] 44 root - INFO - Saved train and test data in artifact folder
[2024-05-25 18:16:52,166] 70 root - INFO - Attempting to read train data from artifacts\train.csv
[2024-05-25 18:16:52,252] 72 root - INFO - Train data shape: (96786, 11)
[2024-05-25 18:16:52,252] 74 root - INFO - Attempting to read test data from artifacts\test.csv
[2024-05-25 18:16:52,358] 76 root - INFO - Test data shape: (96787, 11)
[2024-05-25 18:16:52,358] 78 root - INFO - Read train and test data complete
[2024-05-25 18:16:52,371] 79 root - INFO - Train Dataframe Head:
       id  carat      cut color clarity  depth  table     x     y     z  price
0  173801   1.06    Ideal     F     SI1   61.7   56.0  6.55  6.53  4.03   5795
1  178614   0.41    Ideal     G     VS2   62.2   55.0  4.80  4.75  2.97    935
2  127070   0.74  Premium     D     SI2   61.7   57.0  5.80  5.84  3.59   2369
3  178957   0.90    Ideal     E     SI1   62.6   55.0  6.16  6.21  3.87   3570
4   24707   0.53    Ideal     F     VS1   61.9   55.0  5.18  5.20  3.21   1841
[2024-05-25 18:16:52,380] 80 root - INFO - Test Dataframe Head:
       id  carat        cut color clarity  depth  table     x     y     z  price
0   78940   0.83      Ideal     F     SI1   61.9   57.0  6.01  6.06  3.75   3212
1  178033   0.70      Ideal     E     SI2   61.5   57.0  5.71  5.65  3.48   2470
2  108249   1.01    Premium     F     VS1   61.0   58.0  6.41  6.46  3.92   7094
3  186583   1.20      Ideal     I     SI1   62.0   56.0  6.78  6.87  4.23   5537
4  121195   0.32  Very Good     E     VS2   58.8   62.0  4.48  4.51  2.64    745
[2024-05-25 18:16:52,381] 28 root - INFO - Data Transformation initiated
[2024-05-25 18:16:52,381] 39 root - INFO - Pipeline Initiated
[2024-05-25 18:16:52,634] 97 root - INFO - Applying preprocessing object on training and testing datasets.
[2024-05-25 18:16:52,643] 107 root - INFO - Preprocessing pickle file saved
[2024-05-25 18:16:52,647] 21 root - INFO - Initialized ModelTrainer
